<?xml version="1.0" encoding="UTF-8"?>
<coverage generated="1655089598069" clover="3.2.0">
  <project timestamp="1655089598070" name="All files">
    <metrics statements="30" coveredstatements="30" conditionals="42" coveredconditionals="42" methods="6" coveredmethods="6" elements="78" coveredelements="78" complexity="0" loc="30" ncloc="30" packages="2" files="3" classes="3"/>
    <package name="JS - Lab">
      <metrics statements="1" coveredstatements="1" conditionals="0" coveredconditionals="0" methods="1" coveredmethods="1"/>
      <file name="main.js" path="E:\hungdn11895\JS - DNH\JS - Lab\main.js">
        <metrics statements="1" coveredstatements="1" conditionals="0" coveredconditionals="0" methods="1" coveredmethods="1"/>
        <line num="2" count="1" type="stmt"/>
      </file>
    </package>
    <package name="JS - Lab.src">
      <metrics statements="29" coveredstatements="29" conditionals="42" coveredconditionals="42" methods="5" coveredmethods="5"/>
      <file name="05-09-main.js" path="E:\hungdn11895\JS - DNH\JS - Lab\src\05-09-main.js">
        <metrics statements="17" coveredstatements="17" conditionals="30" coveredconditionals="30" methods="3" coveredmethods="3"/>
        <line num="10" count="12" type="cond" truecount="4" falsecount="0"/>
        <line num="14" count="10" type="cond" truecount="2" falsecount="0"/>
        <line num="15" count="8" type="cond" truecount="2" falsecount="0"/>
        <line num="16" count="6" type="cond" truecount="2" falsecount="0"/>
        <line num="17" count="3" type="stmt"/>
        <line num="19" count="10" type="stmt"/>
        <line num="27" count="12" type="cond" truecount="4" falsecount="0"/>
        <line num="29" count="10" type="stmt"/>
        <line num="31" count="10" type="cond" truecount="2" falsecount="0"/>
        <line num="32" count="8" type="cond" truecount="2" falsecount="0"/>
        <line num="33" count="6" type="cond" truecount="2" falsecount="0"/>
        <line num="35" count="10" type="stmt"/>
        <line num="41" count="12" type="cond" truecount="4" falsecount="0"/>
        <line num="44" count="10" type="cond" truecount="2" falsecount="0"/>
        <line num="45" count="8" type="cond" truecount="2" falsecount="0"/>
        <line num="46" count="6" type="cond" truecount="2" falsecount="0"/>
        <line num="48" count="3" type="stmt"/>
      </file>
      <file name="09-07-check-exist.js" path="E:\hungdn11895\JS - DNH\JS - Lab\src\09-07-check-exist.js">
        <metrics statements="12" coveredstatements="12" conditionals="12" coveredconditionals="12" methods="2" coveredmethods="2"/>
        <line num="3" count="9" type="cond" truecount="4" falsecount="0"/>
        <line num="5" count="3" type="stmt"/>
        <line num="7" count="3" type="stmt"/>
        <line num="8" count="7" type="stmt"/>
        <line num="9" count="7" type="cond" truecount="2" falsecount="0"/>
        <line num="10" count="2" type="stmt"/>
        <line num="11" count="2" type="stmt"/>
        <line num="14" count="3" type="stmt"/>
        <line num="19" count="9" type="cond" truecount="4" falsecount="0"/>
        <line num="21" count="3" type="stmt"/>
        <line num="22" count="7" type="cond" truecount="2" falsecount="0"/>
        <line num="24" count="1" type="stmt"/>
      </file>
    </package>
  </project>
</coverage>
