{"E:\\hungdn11895\\JS - DNH\\JS - Lab\\main.js": {"path":"E:\\hungdn11895\\JS - DNH\\JS - Lab\\main.js","statementMap":{"0":{"start":{"line":2,"column":2},"end":{"line":2,"column":15}}},"fnMap":{"0":{"name":"sum","decl":{"start":{"line":1,"column":16},"end":{"line":1,"column":19}},"loc":{"start":{"line":1,"column":26},"end":{"line":3,"column":1}},"line":1}},"branchMap":{},"s":{"0":1},"f":{"0":1},"b":{},"_coverageSchema":"1a1c01bbd47fc00a2c39e90264f33305004495a9","hash":"ac840fcb7363cf0623ab5c4e7343b4d63cef6fff"}
,"E:\\hungdn11895\\JS - DNH\\JS - Lab\\src\\05-09-main.js": {"path":"E:\\hungdn11895\\JS - DNH\\JS - Lab\\src\\05-09-main.js","statementMap":{"0":{"start":{"line":10,"column":2},"end":{"line":10,"column":52}},"1":{"start":{"line":10,"column":29},"end":{"line":10,"column":52}},"2":{"start":{"line":14,"column":2},"end":{"line":17,"column":22}},"3":{"start":{"line":14,"column":16},"end":{"line":14,"column":38}},"4":{"start":{"line":15,"column":7},"end":{"line":17,"column":22}},"5":{"start":{"line":15,"column":22},"end":{"line":15,"column":38}},"6":{"start":{"line":16,"column":7},"end":{"line":17,"column":22}},"7":{"start":{"line":16,"column":22},"end":{"line":16,"column":42}},"8":{"start":{"line":17,"column":7},"end":{"line":17,"column":22}},"9":{"start":{"line":19,"column":2},"end":{"line":19,"column":16}},"10":{"start":{"line":27,"column":2},"end":{"line":27,"column":52}},"11":{"start":{"line":27,"column":29},"end":{"line":27,"column":52}},"12":{"start":{"line":29,"column":15},"end":{"line":29,"column":20}},"13":{"start":{"line":31,"column":2},"end":{"line":33,"column":42}},"14":{"start":{"line":31,"column":16},"end":{"line":31,"column":38}},"15":{"start":{"line":32,"column":7},"end":{"line":33,"column":42}},"16":{"start":{"line":32,"column":22},"end":{"line":32,"column":38}},"17":{"start":{"line":33,"column":7},"end":{"line":33,"column":42}},"18":{"start":{"line":33,"column":22},"end":{"line":33,"column":42}},"19":{"start":{"line":35,"column":2},"end":{"line":35,"column":16}},"20":{"start":{"line":41,"column":2},"end":{"line":41,"column":52}},"21":{"start":{"line":41,"column":29},"end":{"line":41,"column":52}},"22":{"start":{"line":44,"column":2},"end":{"line":44,"column":36}},"23":{"start":{"line":44,"column":16},"end":{"line":44,"column":36}},"24":{"start":{"line":45,"column":2},"end":{"line":45,"column":31}},"25":{"start":{"line":45,"column":17},"end":{"line":45,"column":31}},"26":{"start":{"line":46,"column":2},"end":{"line":46,"column":35}},"27":{"start":{"line":46,"column":17},"end":{"line":46,"column":35}},"28":{"start":{"line":48,"column":2},"end":{"line":48,"column":15}}},"fnMap":{"0":{"name":"classifyStudent1","decl":{"start":{"line":9,"column":16},"end":{"line":9,"column":32}},"loc":{"start":{"line":9,"column":39},"end":{"line":20,"column":1}},"line":9},"1":{"name":"classifyStudent2","decl":{"start":{"line":24,"column":16},"end":{"line":24,"column":32}},"loc":{"start":{"line":24,"column":39},"end":{"line":36,"column":1}},"line":24},"2":{"name":"classifyStudent3","decl":{"start":{"line":40,"column":16},"end":{"line":40,"column":32}},"loc":{"start":{"line":40,"column":39},"end":{"line":49,"column":1}},"line":40}},"branchMap":{"0":{"loc":{"start":{"line":10,"column":2},"end":{"line":10,"column":52}},"type":"if","locations":[{"start":{"line":10,"column":2},"end":{"line":10,"column":52}},{"start":{},"end":{}}],"line":10},"1":{"loc":{"start":{"line":10,"column":6},"end":{"line":10,"column":27}},"type":"binary-expr","locations":[{"start":{"line":10,"column":6},"end":{"line":10,"column":14}},{"start":{"line":10,"column":18},"end":{"line":10,"column":27}}],"line":10},"2":{"loc":{"start":{"line":14,"column":2},"end":{"line":17,"column":22}},"type":"if","locations":[{"start":{"line":14,"column":2},"end":{"line":17,"column":22}},{"start":{"line":15,"column":7},"end":{"line":17,"column":22}}],"line":14},"3":{"loc":{"start":{"line":15,"column":7},"end":{"line":17,"column":22}},"type":"if","locations":[{"start":{"line":15,"column":7},"end":{"line":17,"column":22}},{"start":{"line":16,"column":7},"end":{"line":17,"column":22}}],"line":15},"4":{"loc":{"start":{"line":16,"column":7},"end":{"line":17,"column":22}},"type":"if","locations":[{"start":{"line":16,"column":7},"end":{"line":17,"column":22}},{"start":{"line":17,"column":7},"end":{"line":17,"column":22}}],"line":16},"5":{"loc":{"start":{"line":27,"column":2},"end":{"line":27,"column":52}},"type":"if","locations":[{"start":{"line":27,"column":2},"end":{"line":27,"column":52}},{"start":{},"end":{}}],"line":27},"6":{"loc":{"start":{"line":27,"column":6},"end":{"line":27,"column":27}},"type":"binary-expr","locations":[{"start":{"line":27,"column":6},"end":{"line":27,"column":14}},{"start":{"line":27,"column":18},"end":{"line":27,"column":27}}],"line":27},"7":{"loc":{"start":{"line":31,"column":2},"end":{"line":33,"column":42}},"type":"if","locations":[{"start":{"line":31,"column":2},"end":{"line":33,"column":42}},{"start":{"line":32,"column":7},"end":{"line":33,"column":42}}],"line":31},"8":{"loc":{"start":{"line":32,"column":7},"end":{"line":33,"column":42}},"type":"if","locations":[{"start":{"line":32,"column":7},"end":{"line":33,"column":42}},{"start":{"line":33,"column":7},"end":{"line":33,"column":42}}],"line":32},"9":{"loc":{"start":{"line":33,"column":7},"end":{"line":33,"column":42}},"type":"if","locations":[{"start":{"line":33,"column":7},"end":{"line":33,"column":42}},{"start":{},"end":{}}],"line":33},"10":{"loc":{"start":{"line":41,"column":2},"end":{"line":41,"column":52}},"type":"if","locations":[{"start":{"line":41,"column":2},"end":{"line":41,"column":52}},{"start":{},"end":{}}],"line":41},"11":{"loc":{"start":{"line":41,"column":6},"end":{"line":41,"column":27}},"type":"binary-expr","locations":[{"start":{"line":41,"column":6},"end":{"line":41,"column":14}},{"start":{"line":41,"column":18},"end":{"line":41,"column":27}}],"line":41},"12":{"loc":{"start":{"line":44,"column":2},"end":{"line":44,"column":36}},"type":"if","locations":[{"start":{"line":44,"column":2},"end":{"line":44,"column":36}},{"start":{},"end":{}}],"line":44},"13":{"loc":{"start":{"line":45,"column":2},"end":{"line":45,"column":31}},"type":"if","locations":[{"start":{"line":45,"column":2},"end":{"line":45,"column":31}},{"start":{},"end":{}}],"line":45},"14":{"loc":{"start":{"line":46,"column":2},"end":{"line":46,"column":35}},"type":"if","locations":[{"start":{"line":46,"column":2},"end":{"line":46,"column":35}},{"start":{},"end":{}}],"line":46}},"s":{"0":12,"1":2,"2":10,"3":2,"4":8,"5":2,"6":6,"7":3,"8":3,"9":10,"10":12,"11":2,"12":10,"13":10,"14":2,"15":8,"16":2,"17":6,"18":3,"19":10,"20":12,"21":2,"22":10,"23":2,"24":8,"25":2,"26":6,"27":3,"28":3},"f":{"0":12,"1":12,"2":12},"b":{"0":[2,10],"1":[12,11],"2":[2,8],"3":[2,6],"4":[3,3],"5":[2,10],"6":[12,11],"7":[2,8],"8":[2,6],"9":[3,3],"10":[2,10],"11":[12,11],"12":[2,8],"13":[2,6],"14":[3,3]},"_coverageSchema":"1a1c01bbd47fc00a2c39e90264f33305004495a9","hash":"3d7ee926663ae8ea7ca76cce7f9c73f8ac0d0a08"}
,"E:\\hungdn11895\\JS - DNH\\JS - Lab\\src\\09-07-check-exist.js": {"path":"E:\\hungdn11895\\JS - DNH\\JS - Lab\\src\\09-07-check-exist.js","statementMap":{"0":{"start":{"line":3,"column":2},"end":{"line":3,"column":74}},"1":{"start":{"line":3,"column":61},"end":{"line":3,"column":74}},"2":{"start":{"line":5,"column":16},"end":{"line":5,"column":20}},"3":{"start":{"line":7,"column":2},"end":{"line":13,"column":3}},"4":{"start":{"line":7,"column":15},"end":{"line":7,"column":16}},"5":{"start":{"line":8,"column":19},"end":{"line":8,"column":32}},"6":{"start":{"line":9,"column":4},"end":{"line":12,"column":5}},"7":{"start":{"line":10,"column":6},"end":{"line":10,"column":22}},"8":{"start":{"line":11,"column":6},"end":{"line":11,"column":12}},"9":{"start":{"line":14,"column":2},"end":{"line":14,"column":17}},"10":{"start":{"line":19,"column":2},"end":{"line":19,"column":74}},"11":{"start":{"line":19,"column":61},"end":{"line":19,"column":74}},"12":{"start":{"line":21,"column":2},"end":{"line":23,"column":3}},"13":{"start":{"line":21,"column":15},"end":{"line":21,"column":16}},"14":{"start":{"line":22,"column":4},"end":{"line":22,"column":46}},"15":{"start":{"line":22,"column":33},"end":{"line":22,"column":46}},"16":{"start":{"line":24,"column":2},"end":{"line":24,"column":14}}},"fnMap":{"0":{"name":"checkIfAllEvenV1","decl":{"start":{"line":2,"column":16},"end":{"line":2,"column":32}},"loc":{"start":{"line":2,"column":45},"end":{"line":15,"column":1}},"line":2},"1":{"name":"checkIfAllEvenV2","decl":{"start":{"line":18,"column":16},"end":{"line":18,"column":32}},"loc":{"start":{"line":18,"column":45},"end":{"line":25,"column":1}},"line":18}},"branchMap":{"0":{"loc":{"start":{"line":3,"column":2},"end":{"line":3,"column":74}},"type":"if","locations":[{"start":{"line":3,"column":2},"end":{"line":3,"column":74}},{"start":{},"end":{}}],"line":3},"1":{"loc":{"start":{"line":3,"column":6},"end":{"line":3,"column":59}},"type":"binary-expr","locations":[{"start":{"line":3,"column":6},"end":{"line":3,"column":32}},{"start":{"line":3,"column":36},"end":{"line":3,"column":59}}],"line":3},"2":{"loc":{"start":{"line":9,"column":4},"end":{"line":12,"column":5}},"type":"if","locations":[{"start":{"line":9,"column":4},"end":{"line":12,"column":5}},{"start":{},"end":{}}],"line":9},"3":{"loc":{"start":{"line":19,"column":2},"end":{"line":19,"column":74}},"type":"if","locations":[{"start":{"line":19,"column":2},"end":{"line":19,"column":74}},{"start":{},"end":{}}],"line":19},"4":{"loc":{"start":{"line":19,"column":6},"end":{"line":19,"column":59}},"type":"binary-expr","locations":[{"start":{"line":19,"column":6},"end":{"line":19,"column":32}},{"start":{"line":19,"column":36},"end":{"line":19,"column":59}}],"line":19},"5":{"loc":{"start":{"line":22,"column":4},"end":{"line":22,"column":46}},"type":"if","locations":[{"start":{"line":22,"column":4},"end":{"line":22,"column":46}},{"start":{},"end":{}}],"line":22}},"s":{"0":9,"1":6,"2":3,"3":3,"4":3,"5":7,"6":7,"7":2,"8":2,"9":3,"10":9,"11":6,"12":3,"13":3,"14":7,"15":2,"16":1},"f":{"0":9,"1":9},"b":{"0":[6,3],"1":[9,4],"2":[2,5],"3":[6,3],"4":[9,4],"5":[2,5]},"_coverageSchema":"1a1c01bbd47fc00a2c39e90264f33305004495a9","hash":"db638934d017afa4abf4f6a4583b1a2a8ade4176"}
}
