TN:
SF:main.js
FN:1,sum
FNF:1
FNH:1
FNDA:1,sum
DA:2,1
LF:1
LH:1
BRF:0
BRH:0
end_of_record
TN:
SF:src\05-09-main.js
FN:9,classifyStudent1
FN:24,classifyStudent2
FN:40,classifyStudent3
FNF:3
FNH:3
FNDA:12,classifyStudent1
FNDA:12,classifyStudent2
FNDA:12,classifyStudent3
DA:10,12
DA:14,10
DA:15,8
DA:16,6
DA:17,3
DA:19,10
DA:27,12
DA:29,10
DA:31,10
DA:32,8
DA:33,6
DA:35,10
DA:41,12
DA:44,10
DA:45,8
DA:46,6
DA:48,3
LF:17
LH:17
BRDA:10,0,0,2
BRDA:10,0,1,10
BRDA:10,1,0,12
BRDA:10,1,1,11
BRDA:14,2,0,2
BRDA:14,2,1,8
BRDA:15,3,0,2
BRDA:15,3,1,6
BRDA:16,4,0,3
BRDA:16,4,1,3
BRDA:27,5,0,2
BRDA:27,5,1,10
BRDA:27,6,0,12
BRDA:27,6,1,11
BRDA:31,7,0,2
BRDA:31,7,1,8
BRDA:32,8,0,2
BRDA:32,8,1,6
BRDA:33,9,0,3
BRDA:33,9,1,3
BRDA:41,10,0,2
BRDA:41,10,1,10
BRDA:41,11,0,12
BRDA:41,11,1,11
BRDA:44,12,0,2
BRDA:44,12,1,8
BRDA:45,13,0,2
BRDA:45,13,1,6
BRDA:46,14,0,3
BRDA:46,14,1,3
BRF:30
BRH:30
end_of_record
TN:
SF:src\09-07-check-exist.js
FN:2,checkIfAllEvenV1
FN:18,checkIfAllEvenV2
FNF:2
FNH:2
FNDA:9,checkIfAllEvenV1
FNDA:9,checkIfAllEvenV2
DA:3,9
DA:5,3
DA:7,3
DA:8,7
DA:9,7
DA:10,2
DA:11,2
DA:14,3
DA:19,9
DA:21,3
DA:22,7
DA:24,1
LF:12
LH:12
BRDA:3,0,0,6
BRDA:3,0,1,3
BRDA:3,1,0,9
BRDA:3,1,1,4
BRDA:9,2,0,2
BRDA:9,2,1,5
BRDA:19,3,0,6
BRDA:19,3,1,3
BRDA:19,4,0,9
BRDA:19,4,1,4
BRDA:22,5,0,2
BRDA:22,5,1,5
BRF:12
BRH:12
end_of_record
